C:\USERS\ADMINISTRATOR\DOCUMENTS\GITHUB\3DPLATFORM\3DVIEWER\DEBUG\2DMESH.SBR
C:\USERS\ADMINISTRATOR\DOCUMENTS\GITHUB\3DPLATFORM\3DVIEWER\DEBUG\3DVIEWER.OBJ
C:\USERS\ADMINISTRATOR\DOCUMENTS\GITHUB\3DPLATFORM\3DVIEWER\DEBUG\3DVIEWER.SBR
C:\Users\Administrator\Documents\GitHub\3DPlatform\3dViewer\Debug\3dViewer.vcxprojResolveAssemblyReference.cache
C:\Users\Administrator\Documents\GitHub\3DPlatform\3dViewer\Debug\3dViewer.write.1.tlog
C:\USERS\ADMINISTRATOR\DOCUMENTS\GITHUB\3DPLATFORM\3DVIEWER\DEBUG\3DVIEWERDOC.OBJ
C:\USERS\ADMINISTRATOR\DOCUMENTS\GITHUB\3DPLATFORM\3DVIEWER\DEBUG\3DVIEWERDOC.SBR
C:\USERS\ADMINISTRATOR\DOCUMENTS\GITHUB\3DPLATFORM\3DVIEWER\DEBUG\3DVIEWERVIEW.OBJ
C:\USERS\ADMINISTRATOR\DOCUMENTS\GITHUB\3DPLATFORM\3DVIEWER\DEBUG\3DVIEWERVIEW.SBR
C:\USERS\ADMINISTRATOR\DOCUMENTS\GITHUB\3DPLATFORM\3DVIEWER\DEBUG\BITADJACENTMATRIX.OBJ
C:\USERS\ADMINISTRATOR\DOCUMENTS\GITHUB\3DPLATFORM\3DVIEWER\DEBUG\BITADJACENTMATRIX.SBR
C:\USERS\ADMINISTRATOR\DOCUMENTS\GITHUB\3DPLATFORM\3DVIEWER\DEBUG\C3D.OBJ
C:\USERS\ADMINISTRATOR\DOCUMENTS\GITHUB\3DPLATFORM\3DVIEWER\DEBUG\C3D.SBR
C:\USERS\ADMINISTRATOR\DOCUMENTS\GITHUB\3DPLATFORM\3DVIEWER\DEBUG\CARRAY2DINT.OBJ
C:\USERS\ADMINISTRATOR\DOCUMENTS\GITHUB\3DPLATFORM\3DVIEWER\DEBUG\CARRAY2DINT.SBR
C:\USERS\ADMINISTRATOR\DOCUMENTS\GITHUB\3DPLATFORM\3DVIEWER\DEBUG\CARRAY2DINT1.OBJ
C:\USERS\ADMINISTRATOR\DOCUMENTS\GITHUB\3DPLATFORM\3DVIEWER\DEBUG\CARRAY2DINT1.SBR
C:\USERS\ADMINISTRATOR\DOCUMENTS\GITHUB\3DPLATFORM\3DVIEWER\DEBUG\CBMPDBLBUFFERING.OBJ
C:\USERS\ADMINISTRATOR\DOCUMENTS\GITHUB\3DPLATFORM\3DVIEWER\DEBUG\CBMPDBLBUFFERING.SBR
C:\USERS\ADMINISTRATOR\DOCUMENTS\GITHUB\3DPLATFORM\3DVIEWER\DEBUG\CBMPVIEWERDATA.OBJ
C:\USERS\ADMINISTRATOR\DOCUMENTS\GITHUB\3DPLATFORM\3DVIEWER\DEBUG\CBMPVIEWERDATA.SBR
C:\USERS\ADMINISTRATOR\DOCUMENTS\GITHUB\3DPLATFORM\3DVIEWER\DEBUG\CCURSORBASE.OBJ
C:\USERS\ADMINISTRATOR\DOCUMENTS\GITHUB\3DPLATFORM\3DVIEWER\DEBUG\CCURSORBASE.SBR
C:\USERS\ADMINISTRATOR\DOCUMENTS\GITHUB\3DPLATFORM\3DVIEWER\DEBUG\CCURSORPAN.OBJ
C:\USERS\ADMINISTRATOR\DOCUMENTS\GITHUB\3DPLATFORM\3DVIEWER\DEBUG\CCURSORPAN.SBR
C:\USERS\ADMINISTRATOR\DOCUMENTS\GITHUB\3DPLATFORM\3DVIEWER\DEBUG\CCURSORZOOMIN.OBJ
C:\USERS\ADMINISTRATOR\DOCUMENTS\GITHUB\3DPLATFORM\3DVIEWER\DEBUG\CCURSORZOOMIN.SBR
C:\USERS\ADMINISTRATOR\DOCUMENTS\GITHUB\3DPLATFORM\3DVIEWER\DEBUG\CCURSORZOOMOUT.OBJ
C:\USERS\ADMINISTRATOR\DOCUMENTS\GITHUB\3DPLATFORM\3DVIEWER\DEBUG\CCURSORZOOMOUT.SBR
C:\USERS\ADMINISTRATOR\DOCUMENTS\GITHUB\3DPLATFORM\3DVIEWER\DEBUG\CDIB.OBJ
C:\USERS\ADMINISTRATOR\DOCUMENTS\GITHUB\3DPLATFORM\3DVIEWER\DEBUG\CDIB.SBR
C:\USERS\ADMINISTRATOR\DOCUMENTS\GITHUB\3DPLATFORM\3DVIEWER\DEBUG\CDIBFLOOD.OBJ
C:\USERS\ADMINISTRATOR\DOCUMENTS\GITHUB\3DPLATFORM\3DVIEWER\DEBUG\CDIBFLOOD.SBR
C:\USERS\ADMINISTRATOR\DOCUMENTS\GITHUB\3DPLATFORM\3DVIEWER\DEBUG\CDIBORG.OBJ
C:\USERS\ADMINISTRATOR\DOCUMENTS\GITHUB\3DPLATFORM\3DVIEWER\DEBUG\CDIBORG.SBR
C:\USERS\ADMINISTRATOR\DOCUMENTS\GITHUB\3DPLATFORM\3DVIEWER\DEBUG\CDIFFUSIONVARCO.OBJ
C:\USERS\ADMINISTRATOR\DOCUMENTS\GITHUB\3DPLATFORM\3DVIEWER\DEBUG\CDIFFUSIONVARCO.SBR
C:\USERS\ADMINISTRATOR\DOCUMENTS\GITHUB\3DPLATFORM\3DVIEWER\DEBUG\CDLGTAB01.OBJ
C:\USERS\ADMINISTRATOR\DOCUMENTS\GITHUB\3DPLATFORM\3DVIEWER\DEBUG\CDLGTAB01.SBR
C:\USERS\ADMINISTRATOR\DOCUMENTS\GITHUB\3DPLATFORM\3DVIEWER\DEBUG\CDLGTAB02.OBJ
C:\USERS\ADMINISTRATOR\DOCUMENTS\GITHUB\3DPLATFORM\3DVIEWER\DEBUG\CDLGTAB02.SBR
C:\USERS\ADMINISTRATOR\DOCUMENTS\GITHUB\3DPLATFORM\3DVIEWER\DEBUG\CDLGTAB03.OBJ
C:\USERS\ADMINISTRATOR\DOCUMENTS\GITHUB\3DPLATFORM\3DVIEWER\DEBUG\CDLGTAB03.SBR
C:\USERS\ADMINISTRATOR\DOCUMENTS\GITHUB\3DPLATFORM\3DVIEWER\DEBUG\CDLGTAB04.OBJ
C:\USERS\ADMINISTRATOR\DOCUMENTS\GITHUB\3DPLATFORM\3DVIEWER\DEBUG\CDLGTAB04.SBR
C:\USERS\ADMINISTRATOR\DOCUMENTS\GITHUB\3DPLATFORM\3DVIEWER\DEBUG\CDLGTAB05.OBJ
C:\USERS\ADMINISTRATOR\DOCUMENTS\GITHUB\3DPLATFORM\3DVIEWER\DEBUG\CDLGTAB05.SBR
C:\USERS\ADMINISTRATOR\DOCUMENTS\GITHUB\3DPLATFORM\3DVIEWER\DEBUG\CDLGTAB06.OBJ
C:\USERS\ADMINISTRATOR\DOCUMENTS\GITHUB\3DPLATFORM\3DVIEWER\DEBUG\CDLGTAB06.SBR
C:\USERS\ADMINISTRATOR\DOCUMENTS\GITHUB\3DPLATFORM\3DVIEWER\DEBUG\CDLGTAB07.OBJ
C:\USERS\ADMINISTRATOR\DOCUMENTS\GITHUB\3DPLATFORM\3DVIEWER\DEBUG\CDLGTAB07.SBR
C:\USERS\ADMINISTRATOR\DOCUMENTS\GITHUB\3DPLATFORM\3DVIEWER\DEBUG\CDLGTESTPANEL.OBJ
C:\USERS\ADMINISTRATOR\DOCUMENTS\GITHUB\3DPLATFORM\3DVIEWER\DEBUG\CDLGTESTPANEL.SBR
C:\USERS\ADMINISTRATOR\DOCUMENTS\GITHUB\3DPLATFORM\3DVIEWER\DEBUG\CEASYPROGRESSBAR.OBJ
C:\USERS\ADMINISTRATOR\DOCUMENTS\GITHUB\3DPLATFORM\3DVIEWER\DEBUG\CEASYPROGRESSBAR.SBR
C:\USERS\ADMINISTRATOR\DOCUMENTS\GITHUB\3DPLATFORM\3DVIEWER\DEBUG\CFFT.OBJ
C:\USERS\ADMINISTRATOR\DOCUMENTS\GITHUB\3DPLATFORM\3DVIEWER\DEBUG\CFFT.SBR
C:\USERS\ADMINISTRATOR\DOCUMENTS\GITHUB\3DPLATFORM\3DVIEWER\DEBUG\CFWT.OBJ
C:\USERS\ADMINISTRATOR\DOCUMENTS\GITHUB\3DPLATFORM\3DVIEWER\DEBUG\CFWT.SBR
C:\USERS\ADMINISTRATOR\DOCUMENTS\GITHUB\3DPLATFORM\3DVIEWER\DEBUG\CFWT_FFT_UTIL.OBJ
C:\USERS\ADMINISTRATOR\DOCUMENTS\GITHUB\3DPLATFORM\3DVIEWER\DEBUG\CFWT_FFT_UTIL.SBR
C:\USERS\ADMINISTRATOR\DOCUMENTS\GITHUB\3DPLATFORM\3DVIEWER\DEBUG\CGLOBALS.OBJ
C:\USERS\ADMINISTRATOR\DOCUMENTS\GITHUB\3DPLATFORM\3DVIEWER\DEBUG\CGLOBALS.SBR
C:\USERS\ADMINISTRATOR\DOCUMENTS\GITHUB\3DPLATFORM\3DVIEWER\DEBUG\CHTARRAY2DIB.OBJ
C:\USERS\ADMINISTRATOR\DOCUMENTS\GITHUB\3DPLATFORM\3DVIEWER\DEBUG\CHTARRAY2DIB.SBR
C:\USERS\ADMINISTRATOR\DOCUMENTS\GITHUB\3DPLATFORM\3DVIEWER\DEBUG\CINTARRAY.OBJ
C:\USERS\ADMINISTRATOR\DOCUMENTS\GITHUB\3DPLATFORM\3DVIEWER\DEBUG\CINTARRAY.SBR
C:\USERS\ADMINISTRATOR\DOCUMENTS\GITHUB\3DPLATFORM\3DVIEWER\DEBUG\CINTARRAY_.OBJ
C:\USERS\ADMINISTRATOR\DOCUMENTS\GITHUB\3DPLATFORM\3DVIEWER\DEBUG\CINTARRAY_.SBR
C:\Users\Administrator\Documents\GitHub\3DPlatform\3dViewer\Debug\cl.command.1.tlog
C:\USERS\ADMINISTRATOR\DOCUMENTS\GITHUB\3DPLATFORM\3DVIEWER\DEBUG\CL.OBJ
C:\Users\Administrator\Documents\GitHub\3DPlatform\3dViewer\Debug\CL.read.1.tlog
C:\USERS\ADMINISTRATOR\DOCUMENTS\GITHUB\3DPLATFORM\3DVIEWER\DEBUG\CL.SBR
C:\Users\Administrator\Documents\GitHub\3DPlatform\3dViewer\Debug\CL.write.1.tlog
C:\USERS\ADMINISTRATOR\DOCUMENTS\GITHUB\3DPLATFORM\3DVIEWER\DEBUG\CL_.OBJ
C:\USERS\ADMINISTRATOR\DOCUMENTS\GITHUB\3DPLATFORM\3DVIEWER\DEBUG\CL_.SBR
C:\USERS\ADMINISTRATOR\DOCUMENTS\GITHUB\3DPLATFORM\3DVIEWER\DEBUG\CL0.OBJ
C:\USERS\ADMINISTRATOR\DOCUMENTS\GITHUB\3DPLATFORM\3DVIEWER\DEBUG\CL0.SBR
C:\USERS\ADMINISTRATOR\DOCUMENTS\GITHUB\3DPLATFORM\3DVIEWER\DEBUG\CL0_.OBJ
C:\USERS\ADMINISTRATOR\DOCUMENTS\GITHUB\3DPLATFORM\3DVIEWER\DEBUG\CL0_.SBR
C:\USERS\ADMINISTRATOR\DOCUMENTS\GITHUB\3DPLATFORM\3DVIEWER\DEBUG\CLDIFILE.OBJ
C:\USERS\ADMINISTRATOR\DOCUMENTS\GITHUB\3DPLATFORM\3DVIEWER\DEBUG\CLDIFILE.SBR
C:\USERS\ADMINISTRATOR\DOCUMENTS\GITHUB\3DPLATFORM\3DVIEWER\DEBUG\CLW.OBJ
C:\USERS\ADMINISTRATOR\DOCUMENTS\GITHUB\3DPLATFORM\3DVIEWER\DEBUG\CLW.SBR
C:\USERS\ADMINISTRATOR\DOCUMENTS\GITHUB\3DPLATFORM\3DVIEWER\DEBUG\CLW_.OBJ
C:\USERS\ADMINISTRATOR\DOCUMENTS\GITHUB\3DPLATFORM\3DVIEWER\DEBUG\CLW_.SBR
C:\USERS\ADMINISTRATOR\DOCUMENTS\GITHUB\3DPLATFORM\3DVIEWER\DEBUG\CMESH.OBJ
C:\USERS\ADMINISTRATOR\DOCUMENTS\GITHUB\3DPLATFORM\3DVIEWER\DEBUG\CMESH.SBR
C:\USERS\ADMINISTRATOR\DOCUMENTS\GITHUB\3DPLATFORM\3DVIEWER\DEBUG\CMESHOPTI.OBJ
C:\USERS\ADMINISTRATOR\DOCUMENTS\GITHUB\3DPLATFORM\3DVIEWER\DEBUG\CMESHOPTI.SBR
C:\USERS\ADMINISTRATOR\DOCUMENTS\GITHUB\3DPLATFORM\3DVIEWER\DEBUG\CMYCGLIB.OBJ
C:\USERS\ADMINISTRATOR\DOCUMENTS\GITHUB\3DPLATFORM\3DVIEWER\DEBUG\CMYCGLIB.SBR
C:\USERS\ADMINISTRATOR\DOCUMENTS\GITHUB\3DPLATFORM\3DVIEWER\DEBUG\COOLDIALOGBAR.SBR
C:\USERS\ADMINISTRATOR\DOCUMENTS\GITHUB\3DPLATFORM\3DVIEWER\DEBUG\COPENGL.OBJ
C:\USERS\ADMINISTRATOR\DOCUMENTS\GITHUB\3DPLATFORM\3DVIEWER\DEBUG\COPENGL.SBR
C:\USERS\ADMINISTRATOR\DOCUMENTS\GITHUB\3DPLATFORM\3DVIEWER\DEBUG\COPENGL3D.SBR
C:\USERS\ADMINISTRATOR\DOCUMENTS\GITHUB\3DPLATFORM\3DVIEWER\DEBUG\COPENGL3DEX.OBJ
C:\USERS\ADMINISTRATOR\DOCUMENTS\GITHUB\3DPLATFORM\3DVIEWER\DEBUG\COPENGL3DEX.SBR
C:\USERS\ADMINISTRATOR\DOCUMENTS\GITHUB\3DPLATFORM\3DVIEWER\DEBUG\CRAWIMAGE16.OBJ
C:\USERS\ADMINISTRATOR\DOCUMENTS\GITHUB\3DPLATFORM\3DVIEWER\DEBUG\CRAWIMAGE16.SBR
C:\USERS\ADMINISTRATOR\DOCUMENTS\GITHUB\3DPLATFORM\3DVIEWER\DEBUG\CRELXATIONLABELLING.SBR
C:\USERS\ADMINISTRATOR\DOCUMENTS\GITHUB\3DPLATFORM\3DVIEWER\DEBUG\CTESTPANELTABS.OBJ
C:\USERS\ADMINISTRATOR\DOCUMENTS\GITHUB\3DPLATFORM\3DVIEWER\DEBUG\CTESTPANELTABS.SBR
C:\USERS\ADMINISTRATOR\DOCUMENTS\GITHUB\3DPLATFORM\3DVIEWER\DEBUG\CTOOL3D.OBJ
C:\USERS\ADMINISTRATOR\DOCUMENTS\GITHUB\3DPLATFORM\3DVIEWER\DEBUG\CTOOL3D.SBR
C:\USERS\ADMINISTRATOR\DOCUMENTS\GITHUB\3DPLATFORM\3DVIEWER\DEBUG\CTOOLBASE.OBJ
C:\USERS\ADMINISTRATOR\DOCUMENTS\GITHUB\3DPLATFORM\3DVIEWER\DEBUG\CTOOLBASE.SBR
C:\USERS\ADMINISTRATOR\DOCUMENTS\GITHUB\3DPLATFORM\3DVIEWER\DEBUG\CTOOLPAN.OBJ
C:\USERS\ADMINISTRATOR\DOCUMENTS\GITHUB\3DPLATFORM\3DVIEWER\DEBUG\CTOOLPAN.SBR
C:\USERS\ADMINISTRATOR\DOCUMENTS\GITHUB\3DPLATFORM\3DVIEWER\DEBUG\CTOOLZOOMIN.OBJ
C:\USERS\ADMINISTRATOR\DOCUMENTS\GITHUB\3DPLATFORM\3DVIEWER\DEBUG\CTOOLZOOMIN.SBR
C:\USERS\ADMINISTRATOR\DOCUMENTS\GITHUB\3DPLATFORM\3DVIEWER\DEBUG\CTOOLZOOMOUT.OBJ
C:\USERS\ADMINISTRATOR\DOCUMENTS\GITHUB\3DPLATFORM\3DVIEWER\DEBUG\CTOOLZOOMOUT.SBR
C:\USERS\ADMINISTRATOR\DOCUMENTS\GITHUB\3DPLATFORM\3DVIEWER\DEBUG\CTRANSFORMEDIMAGE.OBJ
C:\USERS\ADMINISTRATOR\DOCUMENTS\GITHUB\3DPLATFORM\3DVIEWER\DEBUG\CTRANSFORMEDIMAGE.SBR
C:\USERS\ADMINISTRATOR\DOCUMENTS\GITHUB\3DPLATFORM\3DVIEWER\DEBUG\CTRIANGLE.OBJ
C:\USERS\ADMINISTRATOR\DOCUMENTS\GITHUB\3DPLATFORM\3DVIEWER\DEBUG\CTRIANGLE.SBR
C:\USERS\ADMINISTRATOR\DOCUMENTS\GITHUB\3DPLATFORM\3DVIEWER\DEBUG\CTRIANGLE_.OBJ
C:\USERS\ADMINISTRATOR\DOCUMENTS\GITHUB\3DPLATFORM\3DVIEWER\DEBUG\CTRIANGLE_.SBR
C:\USERS\ADMINISTRATOR\DOCUMENTS\GITHUB\3DPLATFORM\3DVIEWER\DEBUG\CTRIANGLEARRAY.OBJ
C:\USERS\ADMINISTRATOR\DOCUMENTS\GITHUB\3DPLATFORM\3DVIEWER\DEBUG\CTRIANGLEARRAY.SBR
C:\USERS\ADMINISTRATOR\DOCUMENTS\GITHUB\3DPLATFORM\3DVIEWER\DEBUG\CTRIANGLEARRAY_.OBJ
C:\USERS\ADMINISTRATOR\DOCUMENTS\GITHUB\3DPLATFORM\3DVIEWER\DEBUG\CTRIANGLEARRAY_.SBR
C:\USERS\ADMINISTRATOR\DOCUMENTS\GITHUB\3DPLATFORM\3DVIEWER\DEBUG\CVERTEX.OBJ
C:\USERS\ADMINISTRATOR\DOCUMENTS\GITHUB\3DPLATFORM\3DVIEWER\DEBUG\CVERTEX.SBR
C:\USERS\ADMINISTRATOR\DOCUMENTS\GITHUB\3DPLATFORM\3DVIEWER\DEBUG\CVERTEX_.OBJ
C:\USERS\ADMINISTRATOR\DOCUMENTS\GITHUB\3DPLATFORM\3DVIEWER\DEBUG\CVERTEX_.SBR
C:\USERS\ADMINISTRATOR\DOCUMENTS\GITHUB\3DPLATFORM\3DVIEWER\DEBUG\CVERTEXARRAY.OBJ
C:\USERS\ADMINISTRATOR\DOCUMENTS\GITHUB\3DPLATFORM\3DVIEWER\DEBUG\CVERTEXARRAY.SBR
C:\USERS\ADMINISTRATOR\DOCUMENTS\GITHUB\3DPLATFORM\3DVIEWER\DEBUG\CVERTEXARRAY_.OBJ
C:\USERS\ADMINISTRATOR\DOCUMENTS\GITHUB\3DPLATFORM\3DVIEWER\DEBUG\CVERTEXARRAY_.SBR
C:\USERS\ADMINISTRATOR\DOCUMENTS\GITHUB\3DPLATFORM\3DVIEWER\DEBUG\CWAVELETFILTERBASE.OBJ
C:\USERS\ADMINISTRATOR\DOCUMENTS\GITHUB\3DPLATFORM\3DVIEWER\DEBUG\CWAVELETFILTERBASE.SBR
C:\USERS\ADMINISTRATOR\DOCUMENTS\GITHUB\3DPLATFORM\3DVIEWER\DEBUG\DIGITALGEOMETRY.SBR
C:\USERS\ADMINISTRATOR\DOCUMENTS\GITHUB\3DPLATFORM\3DVIEWER\DEBUG\DLG2DMESHINFODISP.OBJ
C:\USERS\ADMINISTRATOR\DOCUMENTS\GITHUB\3DPLATFORM\3DVIEWER\DEBUG\DLG2DMESHINFODISP.SBR
C:\USERS\ADMINISTRATOR\DOCUMENTS\GITHUB\3DPLATFORM\3DVIEWER\DEBUG\DLGLIGHTDISPMODE.OBJ
C:\USERS\ADMINISTRATOR\DOCUMENTS\GITHUB\3DPLATFORM\3DVIEWER\DEBUG\DLGLIGHTDISPMODE.SBR
C:\USERS\ADMINISTRATOR\DOCUMENTS\GITHUB\3DPLATFORM\3DVIEWER\DEBUG\DLGOPTISETTINGS.OBJ
C:\USERS\ADMINISTRATOR\DOCUMENTS\GITHUB\3DPLATFORM\3DVIEWER\DEBUG\DLGOPTISETTINGS.SBR
C:\USERS\ADMINISTRATOR\DOCUMENTS\GITHUB\3DPLATFORM\3DVIEWER\DEBUG\DLGSUBDIVIDESETTING.OBJ
C:\USERS\ADMINISTRATOR\DOCUMENTS\GITHUB\3DPLATFORM\3DVIEWER\DEBUG\DLGSUBDIVIDESETTING.SBR
C:\USERS\ADMINISTRATOR\DOCUMENTS\GITHUB\3DPLATFORM\3DVIEWER\DEBUG\FDAJC.OBJ
C:\USERS\ADMINISTRATOR\DOCUMENTS\GITHUB\3DPLATFORM\3DVIEWER\DEBUG\FDAJC.SBR
C:\USERS\ADMINISTRATOR\DOCUMENTS\GITHUB\3DPLATFORM\3DVIEWER\DEBUG\FMIN.OBJ
C:\USERS\ADMINISTRATOR\DOCUMENTS\GITHUB\3DPLATFORM\3DVIEWER\DEBUG\FMIN.SBR
C:\USERS\ADMINISTRATOR\DOCUMENTS\GITHUB\3DPLATFORM\3DVIEWER\DEBUG\GLM.OBJ
C:\USERS\ADMINISTRATOR\DOCUMENTS\GITHUB\3DPLATFORM\3DVIEWER\DEBUG\GLM.SBR
C:\USERS\ADMINISTRATOR\DOCUMENTS\GITHUB\3DPLATFORM\3DVIEWER\DEBUG\GRAPHICDIALOG.OBJ
C:\USERS\ADMINISTRATOR\DOCUMENTS\GITHUB\3DPLATFORM\3DVIEWER\DEBUG\GRAPHICDIALOG.SBR
C:\USERS\ADMINISTRATOR\DOCUMENTS\GITHUB\3DPLATFORM\3DVIEWER\DEBUG\GRAPHICSALGORITHMS.OBJ
C:\USERS\ADMINISTRATOR\DOCUMENTS\GITHUB\3DPLATFORM\3DVIEWER\DEBUG\GRAPHICSALGORITHMS.SBR
C:\USERS\ADMINISTRATOR\DOCUMENTS\GITHUB\3DPLATFORM\3DVIEWER\DEBUG\HISTORYEDIT.OBJ
C:\USERS\ADMINISTRATOR\DOCUMENTS\GITHUB\3DPLATFORM\3DVIEWER\DEBUG\HISTORYEDIT.SBR
C:\USERS\ADMINISTRATOR\DOCUMENTS\GITHUB\3DPLATFORM\3DVIEWER\DEBUG\INIFILE.OBJ
C:\USERS\ADMINISTRATOR\DOCUMENTS\GITHUB\3DPLATFORM\3DVIEWER\DEBUG\INIFILE.SBR
C:\USERS\ADMINISTRATOR\DOCUMENTS\GITHUB\3DPLATFORM\3DVIEWER\DEBUG\LABELPTS.OBJ
C:\USERS\ADMINISTRATOR\DOCUMENTS\GITHUB\3DPLATFORM\3DVIEWER\DEBUG\LABELPTS.SBR
C:\USERS\ADMINISTRATOR\DOCUMENTS\GITHUB\3DPLATFORM\3DVIEWER\DEBUG\LNSRCH.OBJ
C:\USERS\ADMINISTRATOR\DOCUMENTS\GITHUB\3DPLATFORM\3DVIEWER\DEBUG\LNSRCH.SBR
C:\USERS\ADMINISTRATOR\DOCUMENTS\GITHUB\3DPLATFORM\3DVIEWER\DEBUG\LUBKSB.OBJ
C:\USERS\ADMINISTRATOR\DOCUMENTS\GITHUB\3DPLATFORM\3DVIEWER\DEBUG\LUBKSB.SBR
C:\USERS\ADMINISTRATOR\DOCUMENTS\GITHUB\3DPLATFORM\3DVIEWER\DEBUG\LUDCMP.OBJ
C:\USERS\ADMINISTRATOR\DOCUMENTS\GITHUB\3DPLATFORM\3DVIEWER\DEBUG\LUDCMP.SBR
C:\USERS\ADMINISTRATOR\DOCUMENTS\GITHUB\3DPLATFORM\3DVIEWER\DEBUG\MAINFRM.OBJ
C:\USERS\ADMINISTRATOR\DOCUMENTS\GITHUB\3DPLATFORM\3DVIEWER\DEBUG\MAINFRM.SBR
C:\USERS\ADMINISTRATOR\DOCUMENTS\GITHUB\3DPLATFORM\3DVIEWER\DEBUG\MATRIX.OBJ
C:\USERS\ADMINISTRATOR\DOCUMENTS\GITHUB\3DPLATFORM\3DVIEWER\DEBUG\MATRIX.SBR
C:\USERS\ADMINISTRATOR\DOCUMENTS\GITHUB\3DPLATFORM\3DVIEWER\DEBUG\MESHFORGEOIMG.OBJ
C:\USERS\ADMINISTRATOR\DOCUMENTS\GITHUB\3DPLATFORM\3DVIEWER\DEBUG\MESHFORGEOIMG.SBR
C:\USERS\ADMINISTRATOR\DOCUMENTS\GITHUB\3DPLATFORM\3DVIEWER\DEBUG\MESHGLOBAL.SBR
C:\USERS\ADMINISTRATOR\DOCUMENTS\GITHUB\3DPLATFORM\3DVIEWER\DEBUG\MNEWT.OBJ
C:\USERS\ADMINISTRATOR\DOCUMENTS\GITHUB\3DPLATFORM\3DVIEWER\DEBUG\MNEWT.SBR
C:\USERS\ADMINISTRATOR\DOCUMENTS\GITHUB\3DPLATFORM\3DVIEWER\DEBUG\NEWT.OBJ
C:\USERS\ADMINISTRATOR\DOCUMENTS\GITHUB\3DPLATFORM\3DVIEWER\DEBUG\NEWT.SBR
C:\USERS\ADMINISTRATOR\DOCUMENTS\GITHUB\3DPLATFORM\3DVIEWER\DEBUG\NRUTIL.OBJ
C:\USERS\ADMINISTRATOR\DOCUMENTS\GITHUB\3DPLATFORM\3DVIEWER\DEBUG\NRUTIL.SBR
C:\USERS\ADMINISTRATOR\DOCUMENTS\GITHUB\3DPLATFORM\3DVIEWER\DEBUG\PLY.OBJ
C:\USERS\ADMINISTRATOR\DOCUMENTS\GITHUB\3DPLATFORM\3DVIEWER\DEBUG\PLY.SBR
C:\USERS\ADMINISTRATOR\DOCUMENTS\GITHUB\3DPLATFORM\3DVIEWER\DEBUG\POLYTRI.OBJ
C:\USERS\ADMINISTRATOR\DOCUMENTS\GITHUB\3DPLATFORM\3DVIEWER\DEBUG\POLYTRI.SBR
C:\USERS\ADMINISTRATOR\DOCUMENTS\GITHUB\3DPLATFORM\3DVIEWER\DEBUG\PREDICATES.OBJ
C:\USERS\ADMINISTRATOR\DOCUMENTS\GITHUB\3DPLATFORM\3DVIEWER\DEBUG\PREDICATES.SBR
C:\USERS\ADMINISTRATOR\DOCUMENTS\GITHUB\3DPLATFORM\3DVIEWER\DEBUG\PROGRESSBAR.OBJ
C:\USERS\ADMINISTRATOR\DOCUMENTS\GITHUB\3DPLATFORM\3DVIEWER\DEBUG\PROGRESSBAR.SBR
C:\USERS\ADMINISTRATOR\DOCUMENTS\GITHUB\3DPLATFORM\3DVIEWER\DEBUG\RANDOM.OBJ
C:\USERS\ADMINISTRATOR\DOCUMENTS\GITHUB\3DPLATFORM\3DVIEWER\DEBUG\RANDOM.SBR
C:\USERS\ADMINISTRATOR\DOCUMENTS\GITHUB\3DPLATFORM\3DVIEWER\DEBUG\READOBJ.OBJ
C:\USERS\ADMINISTRATOR\DOCUMENTS\GITHUB\3DPLATFORM\3DVIEWER\DEBUG\READOBJ.SBR
C:\USERS\ADMINISTRATOR\DOCUMENTS\GITHUB\3DPLATFORM\3DVIEWER\DEBUG\SCROLLDLG.OBJ
C:\USERS\ADMINISTRATOR\DOCUMENTS\GITHUB\3DPLATFORM\3DVIEWER\DEBUG\SCROLLDLG.SBR
C:\USERS\ADMINISTRATOR\DOCUMENTS\GITHUB\3DPLATFORM\3DVIEWER\DEBUG\SUBDIVIDEMESH.SBR
C:\USERS\ADMINISTRATOR\DOCUMENTS\GITHUB\3DPLATFORM\3DVIEWER\DEBUG\TETGEN.OBJ
C:\USERS\ADMINISTRATOR\DOCUMENTS\GITHUB\3DPLATFORM\3DVIEWER\DEBUG\TETGEN.SBR
C:\USERS\ADMINISTRATOR\DOCUMENTS\GITHUB\3DPLATFORM\3DVIEWER\DEBUG\TRACKBALL.OBJ
C:\USERS\ADMINISTRATOR\DOCUMENTS\GITHUB\3DPLATFORM\3DVIEWER\DEBUG\TRACKBALL.SBR
C:\USERS\ADMINISTRATOR\DOCUMENTS\GITHUB\3DPLATFORM\3DVIEWER\DEBUG\TRIANGLES.OBJ
C:\USERS\ADMINISTRATOR\DOCUMENTS\GITHUB\3DPLATFORM\3DVIEWER\DEBUG\TRIANGLES.SBR
C:\USERS\ADMINISTRATOR\DOCUMENTS\GITHUB\3DPLATFORM\3DVIEWER\DEBUG\TRIMESH_CONNECTIVITY.OBJ
C:\USERS\ADMINISTRATOR\DOCUMENTS\GITHUB\3DPLATFORM\3DVIEWER\DEBUG\TRIMESH_CONNECTIVITY.SBR
C:\USERS\ADMINISTRATOR\DOCUMENTS\GITHUB\3DPLATFORM\3DVIEWER\DEBUG\TRIMESH_IO.OBJ
C:\USERS\ADMINISTRATOR\DOCUMENTS\GITHUB\3DPLATFORM\3DVIEWER\DEBUG\TRIMESH_IO.SBR
C:\USERS\ADMINISTRATOR\DOCUMENTS\GITHUB\3DPLATFORM\3DVIEWER\DEBUG\TRIMESH_NORMALS.OBJ
C:\USERS\ADMINISTRATOR\DOCUMENTS\GITHUB\3DPLATFORM\3DVIEWER\DEBUG\TRIMESH_NORMALS.SBR
C:\USERS\ADMINISTRATOR\DOCUMENTS\GITHUB\3DPLATFORM\3DVIEWER\DEBUG\TRIMESH_STATS.OBJ
C:\USERS\ADMINISTRATOR\DOCUMENTS\GITHUB\3DPLATFORM\3DVIEWER\DEBUG\TRIMESH_STATS.SBR
C:\USERS\ADMINISTRATOR\DOCUMENTS\GITHUB\3DPLATFORM\3DVIEWER\DEBUG\TRIMESH_TSTRIPS.OBJ
C:\USERS\ADMINISTRATOR\DOCUMENTS\GITHUB\3DPLATFORM\3DVIEWER\DEBUG\TRIMESH_TSTRIPS.SBR
C:\Users\Administrator\Documents\GitHub\3DPlatform\3dViewer\Debug\vc100.idb
C:\USERS\ADMINISTRATOR\DOCUMENTS\GITHUB\3DPLATFORM\3DVIEWER\DEBUG\VC100.PDB
